#
# A fatal error has been detected by the Java Runtime Environment:
#
#  EXCEPTION_ACCESS_VIOLATION (0xc0000005) at pc=0x00000000552ff4d8, pid=9772, tid=0x0000000000001d90
#
# JRE version: OpenJDK Runtime Environment (8.0_202-b03) (build 1.8.0_202-release-1483-b03)
# Java VM: OpenJDK 64-Bit Server VM (25.202-b03 mixed mode windows-amd64 compressed oops)
# Problematic frame:
# V  [jvm.dll+0xef4d8]
#
# Failed to write core dump. Minidumps are not enabled by default on client versions of Windows
#
# If you would like to submit a bug report, please visit:
#   http://bugreport.java.com/bugreport/crash.jsp
#

---------------  T H R E A D  ---------------

Current thread (0x00000000028da800):  GCTaskThread [stack: 0x0000000012490000,0x0000000012590000] [id=7568]

siginfo: ExceptionCode=0xc0000005, reading address 0xffffffffffffffff

Registers:
RAX=0x0000000012690000, RBX=0x0000000020005430, RCX=0x0000000000000000, RDX=0x0000000000000006
RSP=0x000000001258f760, RBP=0x00000000a2d91b2c, RSI=0x000000001939e4c0, RDI=0x00000000029abb70
R8 =0x007fffffffc0002a, R9 =0x0000000100001df8, R10=0x000000000000000c, R11=0x00000000557dc2f8
R12=0x00000000a2d91b64, R13=0x0000000100002068, R14=0x0000000100002070, R15=0x00000000a2d91b20
RIP=0x00000000552ff4d8, EFLAGS=0x0000000000010206

Top of Stack: (sp=0x000000001258f760)
0x000000001258f760:   0000000100001df8 000003ca0000131d
0x000000001258f770:   0000000000000000 000003ca0000131e
0x000000001258f780:   00000000028daef0 00000000028daee0
0x000000001258f790:   00000000028d3280 0000000000000002
0x000000001258f7a0:   00000000a2d91b20 0000000055305075
0x000000001258f7b0:   00000000028daee0 00000000029abb70
0x000000001258f7c0:   000000001939e4c0 0000000055827ba8
0x000000001258f7d0:   0000000000000000 00000000555d3917
0x000000001258f7e0:   000003ca0000131e 00000000029abb70
0x000000001258f7f0:   0000000000000000 00000000029abb70
0x000000001258f800:   00000000a093b200 0000000000000200
0x000000001258f810:   000000001939e4c0 00000000555d0d9e
0x000000001258f820:   000000000a60b18c 00000000028da800
0x000000001258f830:   0000000000000000 00000000a2d91b20
0x000000001258f840:   00000000028da800 00000000028d2c00
0x000000001258f850:   00000000028db2d0 00000000028db2e0 

Instructions: (pc=0x00000000552ff4d8)
0x00000000552ff4b8:   05 73 aa 6d 00 49 c1 e8 03 49 d3 e8 41 0f b6 c0
0x00000000552ff4c8:   49 c1 e8 06 24 3f 0f b6 d0 48 8b 05 88 aa 6d 00
0x00000000552ff4d8:   4a 8b 0c c0 48 0f a3 d1 0f 82 59 01 00 00 0f b6
0x00000000552ff4e8:   15 84 09 6d 00 84 d2 74 16 44 8b 43 08 8b 0d 1d 


Register to memory mapping:

RAX=0x0000000012690000 is an unknown value
RBX=0x0000000020005430 is pointing into the stack for thread: 0x000000001cebc000
RCX=0x0000000000000000 is an unknown value
RDX=0x0000000000000006 is an unknown value
RSP=0x000000001258f760 is an unknown value
RBP=0x00000000a2d91b2c is pointing into object: 0x00000000a2d91b20
java.lang.Class 
 - klass: 'java/lang/Class'
RSI=0x000000001939e4c0 is an unknown value
RDI=0x00000000029abb70 is an unknown value
R8 =0x007fffffffc0002a is an unknown value
R9 =0x0000000100001df8 is pointing into metadata
R10=0x000000000000000c is an unknown value
R11=0x00000000557dc2f8 is an unknown value
R12=0x00000000a2d91b64 is pointing into object: 0x00000000a2d91b20
java.lang.Class 
 - klass: 'java/lang/Class'
R13=0x0000000100002068 is pointing into metadata
R14=0x0000000100002070 is pointing into metadata
R15=0x00000000a2d91b20 is an oop
java.lang.Class 
 - klass: 'java/lang/Class'


Stack: [0x0000000012490000,0x0000000012590000],  sp=0x000000001258f760,  free space=1021k
Native frames: (J=compiled Java code, j=interpreted, Vv=VM code, C=native code)
V  [jvm.dll+0xef4d8]
V  [jvm.dll+0xf5075]
V  [jvm.dll+0x3c3917]
V  [jvm.dll+0x3c0d9e]
V  [jvm.dll+0x26f5ba]
C  [msvcr100.dll+0x21d9f]
C  [msvcr100.dll+0x21e3b]
C  [KERNEL32.DLL+0x17bd4]
C  [ntdll.dll+0x6ced1]


---------------  P R O C E S S  ---------------

Java Threads: ( => current thread )
  0x000000001c1cf000 JavaThread "GC Daemon" daemon [_thread_blocked, id=8428, stack(0x00000000244f0000,0x00000000245f0000)]
  0x000000001c1d5800 JavaThread "RMI RenewClean-[127.0.0.1:17345,org.jetbrains.kotlin.daemon.common.LoopbackNetworkInterface$ClientLoopbackSocketFactory@53aab551]" daemon [_thread_blocked, id=9520, stack(0x00000000243f0000,0x00000000244f0000)]
  0x000000001c1d2800 JavaThread "RMI Scheduler(0)" daemon [_thread_blocked, id=2360, stack(0x00000000242f0000,0x00000000243f0000)]
  0x000000001c1c7000 JavaThread "stdout" [_thread_in_native, id=2080, stack(0x0000000023df0000,0x0000000023ef0000)]
  0x000000001c1c8800 JavaThread "stderr" [_thread_in_native, id=32, stack(0x0000000023cf0000,0x0000000023df0000)]
  0x000000001c1ce000 JavaThread "stdout" [_thread_in_native, id=2072, stack(0x0000000023bf0000,0x0000000023cf0000)]
  0x000000001c1cc800 JavaThread "stderr" [_thread_in_native, id=5248, stack(0x0000000023af0000,0x0000000023bf0000)]
  0x000000001c1ca000 JavaThread "stdout" [_thread_in_native, id=1052, stack(0x00000000239f0000,0x0000000023af0000)]
  0x000000001c1cd800 JavaThread "stderr" [_thread_in_native, id=776, stack(0x00000000238f0000,0x00000000239f0000)]
  0x000000001c1c8000 JavaThread "WorkerExecutor Queue Thread 4" [_thread_blocked, id=9532, stack(0x00000000237f0000,0x00000000238f0000)]
  0x000000001c1cb800 JavaThread "WorkerExecutor Queue Thread 3" [_thread_blocked, id=4636, stack(0x00000000236f0000,0x00000000237f0000)]
  0x000000001c1cb000 JavaThread "stdout" [_thread_in_native, id=8044, stack(0x00000000235f0000,0x00000000236f0000)]
  0x000000001c1c9800 JavaThread "stderr" [_thread_in_native, id=1620, stack(0x00000000234f0000,0x00000000235f0000)]
  0x000000001c1c6800 JavaThread "WorkerExecutor Queue Thread 2" [_thread_blocked, id=6332, stack(0x00000000233f0000,0x00000000234f0000)]
  0x0000000018502800 JavaThread "pool-5-thread-1" [_thread_blocked, id=3540, stack(0x00000000232f0000,0x00000000233f0000)]
  0x0000000018500800 JavaThread "WorkerExecutor Queue" [_thread_blocked, id=9912, stack(0x00000000231f0000,0x00000000232f0000)]
  0x000000001de56000 JavaThread "Cache worker for execution history cache (C:\Users\HP\AndroidStudioProjects\ShoppingList\.gradle\5.4.1\executionHistory)" [_thread_blocked, id=9204, stack(0x00000000229f0000,0x0000000022af0000)]
  0x000000001de52800 JavaThread "Execution worker for ':' Thread 3" [_thread_blocked, id=5944, stack(0x00000000230f0000,0x00000000231f0000)]
  0x000000001de54800 JavaThread "Execution worker for ':' Thread 2" [_thread_blocked, id=2912, stack(0x0000000022ff0000,0x00000000230f0000)]
  0x000000001cec6000 JavaThread "Execution worker for ':'" [_thread_blocked, id=7820, stack(0x0000000022cf0000,0x0000000022df0000)]
  0x000000001cec3800 JavaThread "Cache worker for file content cache (C:\Users\HP\AndroidStudioProjects\ShoppingList\.gradle\5.4.1\fileContent)" [_thread_blocked, id=8172, stack(0x00000000214f0000,0x00000000215f0000)]
  0x000000001cec3000 JavaThread "Cache worker for Build Output Cleanup Cache (C:\Users\HP\AndroidStudioProjects\ShoppingList\.gradle\buildOutputCleanup)" [_thread_blocked, id=7784, stack(0x0000000020af0000,0x0000000020bf0000)]
  0x000000001cec4800 JavaThread "Build operations Thread 4" [_thread_blocked, id=7384, stack(0x00000000209f0000,0x0000000020af0000)]
  0x000000001cec2000 JavaThread "Build operations Thread 3" [_thread_blocked, id=6028, stack(0x00000000208f0000,0x00000000209f0000)]
  0x000000001ceba800 JavaThread "Build operations Thread 2" [_thread_blocked, id=6500, stack(0x00000000207f0000,0x00000000208f0000)]
  0x000000001cec1800 JavaThread "Build operations" [_thread_blocked, id=10020, stack(0x0000000020240000,0x0000000020340000)]
  0x000000001ceb9800 JavaThread "Cache worker for cache directory md-rule (C:\Users\HP\.gradle\caches\5.4.1\md-rule)" [_thread_blocked, id=3732, stack(0x0000000020140000,0x0000000020240000)]
  0x000000001cec0800 JavaThread "Cache worker for cache directory md-supplier (C:\Users\HP\.gradle\caches\5.4.1\md-supplier)" [_thread_blocked, id=2952, stack(0x0000000020040000,0x0000000020140000)]
  0x000000001cec0000 JavaThread "Cache worker for file hash cache (C:\Users\HP\AndroidStudioProjects\ShoppingList\.gradle\5.4.1\fileHashes)" [_thread_blocked, id=4628, stack(0x000000001e450000,0x000000001e550000)]
  0x000000001ceb8000 JavaThread "Thread-56" [_thread_blocked, id=9244, stack(0x000000001abe0000,0x000000001ace0000)]
  0x000000001cebf000 JavaThread "Stdin handler" [_thread_blocked, id=6440, stack(0x000000001a8e0000,0x000000001a9e0000)]
  0x000000001ceb6800 JavaThread "Asynchronous log dispatcher for DefaultDaemonConnection: socket connection from /127.0.0.1:1593 to /127.0.0.1:1620" [_thread_blocked, id=116, stack(0x000000001a7e0000,0x000000001a8e0000)]
  0x000000001ceb9000 JavaThread "Cancel handler" [_thread_blocked, id=664, stack(0x000000001a3e0000,0x000000001a4e0000)]
  0x000000001cebd800 JavaThread "Handler for socket connection from /127.0.0.1:1593 to /127.0.0.1:1620" [_thread_in_native, id=7912, stack(0x0000000000e50000,0x0000000000f50000)]
  0x000000001cec5000 JavaThread "Cache worker for file content cache (C:\Users\HP\.gradle\caches\5.4.1\fileContent)" [_thread_blocked, id=2128, stack(0x00000000213f0000,0x00000000214f0000)]
  0x000000001cebb000 JavaThread "Daemon worker Thread 2" [_thread_blocked, id=6720, stack(0x000000001a4e0000,0x000000001a5e0000)]
  0x000000001cebd000 JavaThread "Daemon Thread 2" [_thread_blocked, id=2164, stack(0x0000000000d50000,0x0000000000e50000)]
  0x000000001ceb7800 JavaThread "Memory manager" [_thread_blocked, id=9924, stack(0x00000000219f0000,0x0000000021af0000)]
  0x000000001cebc000 JavaThread "Cache worker for execution history cache (C:\Users\HP\.gradle\caches\5.4.1\executionHistory)" [_thread_blocked, id=8348, stack(0x000000001ff40000,0x0000000020040000)]
  0x0000000018505800 JavaThread "Cache worker for journal cache (C:\Users\HP\.gradle\caches\journal-1)" [_thread_blocked, id=8992, stack(0x000000001aee0000,0x000000001afe0000)]
  0x0000000018501000 JavaThread "File lock request listener" [_thread_in_native, id=9768, stack(0x000000001ade0000,0x000000001aee0000)]
  0x00000000187a8800 JavaThread "Cache worker for file hash cache (C:\Users\HP\.gradle\caches\5.4.1\fileHashes)" [_thread_blocked, id=9612, stack(0x000000001ace0000,0x000000001ade0000)]
  0x00000000183d2800 JavaThread "Daemon periodic checks" [_thread_blocked, id=7824, stack(0x000000001a2e0000,0x000000001a3e0000)]
  0x000000001834d800 JavaThread "Incoming local TCP Connector on port 1593" [_thread_in_native, id=9312, stack(0x000000001a0a0000,0x000000001a1a0000)]
  0x00000000195db800 JavaThread "Daemon health stats" [_thread_blocked, id=4004, stack(0x0000000019a60000,0x0000000019b60000)]
  0x0000000017c95000 JavaThread "Service Thread" daemon [_thread_blocked, id=10236, stack(0x0000000018090000,0x0000000018190000)]
  0x000000001638b800 JavaThread "C1 CompilerThread2" daemon [_thread_blocked, id=7704, stack(0x0000000017b90000,0x0000000017c90000)]
  0x000000001632c000 JavaThread "C2 CompilerThread1" daemon [_thread_blocked, id=7956, stack(0x0000000017a90000,0x0000000017b90000)]
  0x0000000016338000 JavaThread "C2 CompilerThread0" daemon [_thread_blocked, id=10232, stack(0x0000000017990000,0x0000000017a90000)]
  0x0000000016336800 JavaThread "Attach Listener" daemon [_thread_blocked, id=9108, stack(0x0000000017890000,0x0000000017990000)]
  0x0000000016335000 JavaThread "Signal Dispatcher" daemon [_thread_blocked, id=3508, stack(0x0000000017790000,0x0000000017890000)]
  0x00000000029bb800 JavaThread "Finalizer" daemon [_thread_blocked, id=9656, stack(0x0000000017590000,0x0000000017690000)]
  0x0000000016319000 JavaThread "Reference Handler" daemon [_thread_blocked, id=7464, stack(0x0000000017490000,0x0000000017590000)]
  0x000000000278e000 JavaThread "main" [_thread_blocked, id=9804, stack(0x00000000027c0000,0x00000000028c0000)]

Other Threads:
  0x00000000162f6000 VMThread [stack: 0x0000000017390000,0x0000000017490000] [id=9308]
  0x0000000017c96000 WatcherThread [stack: 0x0000000018190000,0x0000000018290000] [id=1132]

=>0x00000000028da800 (exited) GCTaskThread [stack: 0x0000000012490000,0x0000000012590000] [id=7568]

VM state:at safepoint (normal execution)

VM Mutex/Monitor currently owned by a thread:  ([mutex/lock_event])
[0x000000000278ce60] Threads_lock - owner thread: 0x00000000162f6000
[0x000000000278d8e0] Heap_lock - owner thread: 0x000000001c1cf000

heap address: 0x00000000a0000000, size: 1536 MB, Compressed Oops mode: 32-bit
Narrow klass base: 0x0000000000000000, Narrow klass shift: 3
Compressed class space size: 1073741824 Address: 0x0000000100000000

Heap:
 PSYoungGen      total 198656K, used 25542K [0x00000000e0000000, 0x00000000ee600000, 0x0000000100000000)
  eden space 166912K, 0% used [0x00000000e0000000,0x00000000e0000000,0x00000000ea300000)
  from space 31744K, 80% used [0x00000000ea300000,0x00000000ebbf1978,0x00000000ec200000)
  to   space 34304K, 0% used [0x00000000ec480000,0x00000000ec480000,0x00000000ee600000)
 ParOldGen       total 148992K, used 46952K [0x00000000a0000000, 0x00000000a9180000, 0x00000000e0000000)
  object space 148992K, 31% used [0x00000000a0000000,0x00000000a2dda058,0x00000000a9180000)
 Metaspace       used 73484K, capacity 76052K, committed 76120K, reserved 1116160K
  class space    used 9565K, capacity 10096K, committed 10112K, reserved 1048576K

Card table byte_map: [0x0000000011d80000,0x0000000012090000] byte_map_base: 0x0000000011880000

Marking Bits: (ParMarkBitMap*) 0x00000000559d9f30
 Begin Bits: [0x0000000012690000, 0x0000000013e90000)
 End Bits:   [0x0000000013e90000, 0x0000000015690000)

Polling page: 0x0000000000a70000

CodeCache: size=245760Kb used=33571Kb max_used=33621Kb free=212188Kb
 bounds [0x00000000029c0000, 0x0000000004af0000, 0x00000000119c0000]
 total_blobs=11244 nmethods=10411 adapters=745
 compilation: enabled

Compilation events (10 events):
Event: 4322.191 Thread 0x0000000016338000 nmethod 12588 0x0000000003605050 code [0x00000000036051e0, 0x0000000003605e28]
Event: 4322.193 Thread 0x000000001638b800 nmethod 12586 0x0000000004ad8c50 code [0x0000000004ad9460, 0x0000000004ade2d8]
Event: 4322.194 Thread 0x000000001638b800 12585       3       sun.misc.ProxyGenerator$ProxyMethod::access$1900 (6 bytes)
Event: 4322.194 Thread 0x000000001638b800 nmethod 12585 0x0000000002fb0110 code [0x0000000002fb0280, 0x0000000002fb03e8]
Event: 4322.195 Thread 0x000000001638b800 12587       3       sun.misc.ProxyGenerator::access$1800 (7 bytes)
Event: 4322.196 Thread 0x000000001638b800 nmethod 12587 0x0000000003709450 code [0x00000000037095c0, 0x0000000003709728]
Event: 4322.197 Thread 0x000000001638b800 12590       3       java.io.ObjectStreamClass::packageEquals (31 bytes)
Event: 4322.198 Thread 0x000000001638b800 nmethod 12590 0x0000000004ab4210 code [0x0000000004ab44c0, 0x0000000004ab59c8]
Event: 4322.206 Thread 0x000000001638b800 12591       3       sun.security.provider.ByteArrayAccess::i2bBig4 (111 bytes)
Event: 4322.207 Thread 0x000000001638b800 nmethod 12591 0x0000000002ceba90 code [0x0000000002cebc00, 0x0000000002cebf28]

GC Heap History (10 events):
Event: 4224.962 GC heap after
Heap after GC invocations=14 (full 3):
 PSYoungGen      total 198656K, used 15388K [0x00000000e0000000, 0x00000000edc80000, 0x0000000100000000)
  eden space 182784K, 0% used [0x00000000e0000000,0x00000000e0000000,0x00000000eb280000)
  from space 15872K, 96% used [0x00000000eb800000,0x00000000ec7072c0,0x00000000ec780000)
  to   space 21504K, 0% used [0x00000000ec780000,0x00000000ec780000,0x00000000edc80000)
 ParOldGen       total 148992K, used 34455K [0x00000000a0000000, 0x00000000a9180000, 0x00000000e0000000)
  object space 148992K, 23% used [0x00000000a0000000,0x00000000a21a5f80,0x00000000a9180000)
 Metaspace       used 64780K, capacity 66770K, committed 67032K, reserved 1107968K
  class space    used 8470K, capacity 8936K, committed 8960K, reserved 1048576K
}
Event: 4232.743 GC heap before
{Heap before GC invocations=15 (full 3):
 PSYoungGen      total 198656K, used 198172K [0x00000000e0000000, 0x00000000edc80000, 0x0000000100000000)
  eden space 182784K, 100% used [0x00000000e0000000,0x00000000eb280000,0x00000000eb280000)
  from space 15872K, 96% used [0x00000000eb800000,0x00000000ec7072c0,0x00000000ec780000)
  to   space 21504K, 0% used [0x00000000ec780000,0x00000000ec780000,0x00000000edc80000)
 ParOldGen       total 148992K, used 34455K [0x00000000a0000000, 0x00000000a9180000, 0x00000000e0000000)
  object space 148992K, 23% used [0x00000000a0000000,0x00000000a21a5f80,0x00000000a9180000)
 Metaspace       used 67563K, capacity 69702K, committed 69976K, reserved 1110016K
  class space    used 8786K, capacity 9280K, committed 9344K, reserved 1048576K
Event: 4232.783 GC heap after
Heap after GC invocations=15 (full 3):
 PSYoungGen      total 195072K, used 16209K [0x00000000e0000000, 0x00000000ed900000, 0x0000000100000000)
  eden space 177152K, 0% used [0x00000000e0000000,0x00000000e0000000,0x00000000ead00000)
  from space 17920K, 90% used [0x00000000ec780000,0x00000000ed754480,0x00000000ed900000)
  to   space 22528K, 0% used [0x00000000ead00000,0x00000000ead00000,0x00000000ec300000)
 ParOldGen       total 148992K, used 34463K [0x00000000a0000000, 0x00000000a9180000, 0x00000000e0000000)
  object space 148992K, 23% used [0x00000000a0000000,0x00000000a21a7f80,0x00000000a9180000)
 Metaspace       used 67563K, capacity 69702K, committed 69976K, reserved 1110016K
  class space    used 8786K, capacity 9280K, committed 9344K, reserved 1048576K
}
Event: 4287.346 GC heap before
{Heap before GC invocations=16 (full 3):
 PSYoungGen      total 195072K, used 193361K [0x00000000e0000000, 0x00000000ed900000, 0x0000000100000000)
  eden space 177152K, 100% used [0x00000000e0000000,0x00000000ead00000,0x00000000ead00000)
  from space 17920K, 90% used [0x00000000ec780000,0x00000000ed754480,0x00000000ed900000)
  to   space 22528K, 0% used [0x00000000ead00000,0x00000000ead00000,0x00000000ec300000)
 ParOldGen       total 148992K, used 34463K [0x00000000a0000000, 0x00000000a9180000, 0x00000000e0000000)
  object space 148992K, 23% used [0x00000000a0000000,0x00000000a21a7f80,0x00000000a9180000)
 Metaspace       used 68575K, capacity 70820K, committed 71000K, reserved 1112064K
  class space    used 8843K, capacity 9343K, committed 9344K, reserved 1048576K
Event: 4287.410 GC heap after
Heap after GC invocations=16 (full 3):
 PSYoungGen      total 194560K, used 22497K [0x00000000e0000000, 0x00000000ee000000, 0x0000000100000000)
  eden space 172032K, 0% used [0x00000000e0000000,0x00000000e0000000,0x00000000ea800000)
  from space 22528K, 99% used [0x00000000ead00000,0x00000000ec2f8780,0x00000000ec300000)
  to   space 28672K, 0% used [0x00000000ec400000,0x00000000ec400000,0x00000000ee000000)
 ParOldGen       total 148992K, used 42500K [0x00000000a0000000, 0x00000000a9180000, 0x00000000e0000000)
  object space 148992K, 28% used [0x00000000a0000000,0x00000000a29812b8,0x00000000a9180000)
 Metaspace       used 68575K, capacity 70820K, committed 71000K, reserved 1112064K
  class space    used 8843K, capacity 9343K, committed 9344K, reserved 1048576K
}
Event: 4313.460 GC heap before
{Heap before GC invocations=17 (full 3):
 PSYoungGen      total 194560K, used 194529K [0x00000000e0000000, 0x00000000ee000000, 0x0000000100000000)
  eden space 172032K, 100% used [0x00000000e0000000,0x00000000ea800000,0x00000000ea800000)
  from space 22528K, 99% used [0x00000000ead00000,0x00000000ec2f8780,0x00000000ec300000)
  to   space 28672K, 0% used [0x00000000ec400000,0x00000000ec400000,0x00000000ee000000)
 ParOldGen       total 148992K, used 42500K [0x00000000a0000000, 0x00000000a9180000, 0x00000000e0000000)
  object space 148992K, 28% used [0x00000000a0000000,0x00000000a29812b8,0x00000000a9180000)
 Metaspace       used 71197K, capacity 73672K, committed 73816K, reserved 1114112K
  class space    used 9188K, capacity 9740K, committed 9856K, reserved 1048576K
Event: 4313.501 GC heap after
Heap after GC invocations=17 (full 3):
 PSYoungGen      total 195584K, used 25664K [0x00000000e0000000, 0x00000000ee100000, 0x0000000100000000)
  eden space 166912K, 0% used [0x00000000e0000000,0x00000000e0000000,0x00000000ea300000)
  from space 28672K, 89% used [0x00000000ec400000,0x00000000edd100b8,0x00000000ee000000)
  to   space 31744K, 0% used [0x00000000ea300000,0x00000000ea300000,0x00000000ec200000)
 ParOldGen       total 148992K, used 46944K [0x00000000a0000000, 0x00000000a9180000, 0x00000000e0000000)
  object space 148992K, 31% used [0x00000000a0000000,0x00000000a2dd8058,0x00000000a9180000)
 Metaspace       used 71197K, capacity 73672K, committed 73816K, reserved 1114112K
  class space    used 9188K, capacity 9740K, committed 9856K, reserved 1048576K
}
Event: 4322.210 GC heap before
{Heap before GC invocations=18 (full 3):
 PSYoungGen      total 195584K, used 64205K [0x00000000e0000000, 0x00000000ee100000, 0x0000000100000000)
  eden space 166912K, 23% used [0x00000000e0000000,0x00000000e25a3678,0x00000000ea300000)
  from space 28672K, 89% used [0x00000000ec400000,0x00000000edd100b8,0x00000000ee000000)
  to   space 31744K, 0% used [0x00000000ea300000,0x00000000ea300000,0x00000000ec200000)
 ParOldGen       total 148992K, used 46944K [0x00000000a0000000, 0x00000000a9180000, 0x00000000e0000000)
  object space 148992K, 31% used [0x00000000a0000000,0x00000000a2dd8058,0x00000000a9180000)
 Metaspace       used 73484K, capacity 76052K, committed 76120K, reserved 1116160K
  class space    used 9565K, capacity 10096K, committed 10112K, reserved 1048576K
Event: 4322.239 GC heap after
Heap after GC invocations=18 (full 3):
 PSYoungGen      total 198656K, used 25542K [0x00000000e0000000, 0x00000000ee600000, 0x0000000100000000)
  eden space 166912K, 0% used [0x00000000e0000000,0x00000000e0000000,0x00000000ea300000)
  from space 31744K, 80% used [0x00000000ea300000,0x00000000ebbf1978,0x00000000ec200000)
  to   space 34304K, 0% used [0x00000000ec480000,0x00000000ec480000,0x00000000ee600000)
 ParOldGen       total 148992K, used 46952K [0x00000000a0000000, 0x00000000a9180000, 0x00000000e0000000)
  object space 148992K, 31% used [0x00000000a0000000,0x00000000a2dda058,0x00000000a9180000)
 Metaspace       used 73484K, capacity 76052K, committed 76120K, reserved 1116160K
  class space    used 9565K, capacity 10096K, committed 10112K, reserved 1048576K
}
Event: 4322.239 GC heap before
{Heap before GC invocations=19 (full 4):
 PSYoungGen      total 198656K, used 25542K [0x00000000e0000000, 0x00000000ee600000, 0x0000000100000000)
  eden space 166912K, 0% used [0x00000000e0000000,0x00000000e0000000,0x00000000ea300000)
  from space 31744K, 80% used [0x00000000ea300000,0x00000000ebbf1978,0x00000000ec200000)
  to   space 34304K, 0% used [0x00000000ec480000,0x00000000ec480000,0x00000000ee600000)
 ParOldGen       total 148992K, used 46952K [0x00000000a0000000, 0x00000000a9180000, 0x00000000e0000000)
  object space 148992K, 31% used [0x00000000a0000000,0x00000000a2dda058,0x00000000a9180000)
 Metaspace       used 73484K, capacity 76052K, committed 76120K, reserved 1116160K
  class space    used 9565K, capacity 10096K, committed 10112K, reserved 1048576K

Deoptimization events (10 events):
Event: 4322.063 Thread 0x000000001de54800 Uncommon trap: reason=class_check action=maybe_recompile pc=0x0000000002f66cd4 method=java.io.DataOutputStream.write(I)V @ 5
Event: 4322.063 Thread 0x000000001de54800 Uncommon trap: reason=class_check action=maybe_recompile pc=0x0000000002f66cd4 method=java.io.DataOutputStream.write(I)V @ 5
Event: 4322.063 Thread 0x000000001de54800 Uncommon trap: reason=class_check action=maybe_recompile pc=0x0000000002f66cd4 method=java.io.DataOutputStream.write(I)V @ 5
Event: 4322.066 Thread 0x000000001de54800 Uncommon trap: reason=unstable_if action=reinterpret pc=0x000000000484d0a4 method=java.io.FileDescriptor.attach(Ljava/io/Closeable;)V @ 4
Event: 4322.181 Thread 0x000000001de54800 Uncommon trap: reason=bimorphic action=maybe_recompile pc=0x00000000044a5148 method=java.io.ObjectInputStream$PeekInputStream.read()I @ 23
Event: 4322.181 Thread 0x000000001de54800 Uncommon trap: reason=bimorphic action=maybe_recompile pc=0x00000000044a5148 method=java.io.ObjectInputStream$PeekInputStream.read()I @ 23
Event: 4322.190 Thread 0x000000001de54800 Uncommon trap: reason=bimorphic action=maybe_recompile pc=0x00000000044a5148 method=java.io.ObjectInputStream$PeekInputStream.read()I @ 23
Event: 4322.191 Thread 0x000000001de54800 Uncommon trap: reason=bimorphic action=maybe_recompile pc=0x00000000044a5148 method=java.io.ObjectInputStream$PeekInputStream.read()I @ 23
Event: 4322.195 Thread 0x000000001de54800 Uncommon trap: reason=bimorphic action=maybe_recompile pc=0x00000000044a616c method=java.io.ObjectInputStream$PeekInputStream.read()I @ 23
Event: 4322.197 Thread 0x000000001de54800 Uncommon trap: reason=array_check action=maybe_recompile pc=0x00000000049eea54 method=java.util.TimSort.binarySort([Ljava/lang/Object;IIILjava/util/Comparator;)V @ 183

Classes redefined (0 events):
No events

Internal exceptions (10 events):
Event: 4302.414 Thread 0x000000001de54800 Exception <a 'java/lang/NoSuchMethodError': <clinit>> (0x00000000e6687bb0) thrown at [D:\src\AOSP-openjdk-cygwin\jdk8u\hotspot\src\share\vm\prims\jni.cpp, line 1614]
Event: 4302.421 Thread 0x000000001de54800 Exception <a 'java/lang/NoSuchMethodError': <clinit>> (0x00000000e66eb150) thrown at [D:\src\AOSP-openjdk-cygwin\jdk8u\hotspot\src\share\vm\prims\jni.cpp, line 1614]
Event: 4302.599 Thread 0x000000001c1c6800 Exception <a 'java/lang/NoSuchMethodError': java.lang.Object.lambda$negate$1(Ljava/lang/Object;)Z> (0x00000000e6b7fd48) thrown at [D:\src\AOSP-openjdk-cygwin\jdk8u\hotspot\src\share\vm\interpreter\linkResolver.cpp, line 620]
Event: 4313.655 Thread 0x000000001de54800 Implicit null exception at 0x0000000003415965 to 0x0000000003415cb9
Event: 4313.708 Thread 0x000000001de54800 Exception <a 'java/lang/NoSuchMethodError': java.lang.Object.lambda$identity$2(Ljava/lang/Object;)Ljava/lang/Object;> (0x00000000e072e600) thrown at [D:\src\AOSP-openjdk-cygwin\jdk8u\hotspot\src\share\vm\interpreter\linkResolver.cpp, line 620]
Event: 4316.533 Thread 0x000000001de54800 Exception <a 'java/net/ConnectException': Connection refused: connect> (0x00000000e1fe2ba8) thrown at [D:\src\AOSP-openjdk-cygwin\jdk8u\hotspot\src\share\vm\prims\jni.cpp, line 736]
Event: 4318.565 Thread 0x000000001de54800 Exception <a 'java/net/ConnectException': Connection refused: connect> (0x00000000e1fe3cc8) thrown at [D:\src\AOSP-openjdk-cygwin\jdk8u\hotspot\src\share\vm\prims\jni.cpp, line 736]
Event: 4320.612 Thread 0x000000001de54800 Exception <a 'java/net/ConnectException': Connection refused: connect> (0x00000000e1fe4d60) thrown at [D:\src\AOSP-openjdk-cygwin\jdk8u\hotspot\src\share\vm\prims\jni.cpp, line 736]
Event: 4322.029 Thread 0x000000001de54800 JVM_StopThread thread JavaThread 0x000000001c1d5000 as oop 0x00000000e237ef38 [exception 0x00000000230eb1e8]
Event: 4322.197 Thread 0x000000001de54800 Exception <a 'java/lang/NoSuchMethodError': <clinit>> (0x00000000e24ff628) thrown at [D:\src\AOSP-openjdk-cygwin\jdk8u\hotspot\src\share\vm\prims\jni.cpp, line 1614]

Events (10 events):
Event: 4322.209 loading class sun/misc/GC$Daemon$1
Event: 4322.209 loading class sun/misc/GC$Daemon$1 done
Event: 4322.209 Thread 0x000000001c1cf000 Thread added: 0x000000001c1cf000
Event: 4322.209 Executing VM operation: RevokeBias
Event: 4322.209 Executing VM operation: RevokeBias done
Event: 4322.209 loading class sun/rmi/transport/DGCClient$EndpointEntry$RefEntry
Event: 4322.209 Executing VM operation: RevokeBias
Event: 4322.210 Executing VM operation: RevokeBias done
Event: 4322.210 Executing VM operation: ParallelGCSystemGC
Event: 4322.210 loading class sun/rmi/transport/DGCClient$EndpointEntry$RefEntry done


Dynamic libraries:
0x00007ff7df3a0000 - 0x00007ff7df3d1000 	C:\Program Files\Android\Android Studio\jre\bin\java.exe
0x00007ffdbb100000 - 0x00007ffdbb2f0000 	C:\WINDOWS\SYSTEM32\ntdll.dll
0x00007ffdbae90000 - 0x00007ffdbaf42000 	C:\WINDOWS\System32\KERNEL32.DLL
0x00007ffdb8140000 - 0x00007ffdb83e3000 	C:\WINDOWS\System32\KERNELBASE.dll
0x00007ffdba980000 - 0x00007ffdbaa23000 	C:\WINDOWS\System32\ADVAPI32.dll
0x00007ffdbaf50000 - 0x00007ffdbafee000 	C:\WINDOWS\System32\msvcrt.dll
0x00007ffdb92c0000 - 0x00007ffdb9357000 	C:\WINDOWS\System32\sechost.dll
0x00007ffdb9840000 - 0x00007ffdb9960000 	C:\WINDOWS\System32\RPCRT4.dll
0x00007ffdb9360000 - 0x00007ffdb94f4000 	C:\WINDOWS\System32\USER32.dll
0x00007ffdb8670000 - 0x00007ffdb8691000 	C:\WINDOWS\System32\win32u.dll
0x00007ffdba8d0000 - 0x00007ffdba8f6000 	C:\WINDOWS\System32\GDI32.dll
0x00007ffdb9010000 - 0x00007ffdb91a4000 	C:\WINDOWS\System32\gdi32full.dll
0x00007ffdb8f70000 - 0x00007ffdb900e000 	C:\WINDOWS\System32\msvcp_win.dll
0x00007ffdb8e70000 - 0x00007ffdb8f6a000 	C:\WINDOWS\System32\ucrtbase.dll
0x00007ffdb6d80000 - 0x00007ffdb7005000 	C:\WINDOWS\WinSxS\amd64_microsoft.windows.common-controls_6595b64144ccf1df_6.0.18362.752_none_e6c0b5ed1312b70c\COMCTL32.dll
0x00007ffdba120000 - 0x00007ffdba456000 	C:\WINDOWS\System32\combase.dll
0x00007ffdb83f0000 - 0x00007ffdb8470000 	C:\WINDOWS\System32\bcryptPrimitives.dll
0x00007ffdbb070000 - 0x00007ffdbb09e000 	C:\WINDOWS\System32\IMM32.DLL
0x0000000055130000 - 0x0000000055202000 	C:\Program Files\Android\Android Studio\jre\jre\bin\msvcr100.dll
0x0000000055210000 - 0x0000000055a56000 	C:\Program Files\Android\Android Studio\jre\jre\bin\server\jvm.dll
0x00007ffdb9500000 - 0x00007ffdb9508000 	C:\WINDOWS\System32\PSAPI.DLL
0x00007ffdb14e0000 - 0x00007ffdb14e9000 	C:\WINDOWS\SYSTEM32\WSOCK32.dll
0x00007ffdb37b0000 - 0x00007ffdb37d4000 	C:\WINDOWS\SYSTEM32\WINMM.dll
0x00007ffdbadc0000 - 0x00007ffdbae2f000 	C:\WINDOWS\System32\WS2_32.dll
0x00007ffdaedc0000 - 0x00007ffdaedca000 	C:\WINDOWS\SYSTEM32\VERSION.dll
0x00007ffdb35b0000 - 0x00007ffdb35dd000 	C:\WINDOWS\SYSTEM32\WINMMBASE.dll
0x00007ffdb8470000 - 0x00007ffdb84ba000 	C:\WINDOWS\System32\cfgmgr32.dll
0x00007ffdb7430000 - 0x00007ffdb743f000 	C:\Program Files\Android\Android Studio\jre\jre\bin\verify.dll
0x00007ffdb60f0000 - 0x00007ffdb6119000 	C:\Program Files\Android\Android Studio\jre\jre\bin\java.dll
0x00007ffdb6260000 - 0x00007ffdb6276000 	C:\Program Files\Android\Android Studio\jre\jre\bin\zip.dll
0x00007ffdb9960000 - 0x00007ffdba045000 	C:\WINDOWS\System32\SHELL32.dll
0x00007ffdb96c0000 - 0x00007ffdb9769000 	C:\WINDOWS\System32\shcore.dll
0x00007ffdb86a0000 - 0x00007ffdb8e20000 	C:\WINDOWS\System32\windows.storage.dll
0x00007ffdb7fd0000 - 0x00007ffdb7ff3000 	C:\WINDOWS\System32\profapi.dll
0x00007ffdb8000000 - 0x00007ffdb804a000 	C:\WINDOWS\System32\powrprof.dll
0x00007ffdb7fc0000 - 0x00007ffdb7fd0000 	C:\WINDOWS\System32\UMPDC.dll
0x00007ffdbae30000 - 0x00007ffdbae82000 	C:\WINDOWS\System32\shlwapi.dll
0x00007ffdb8070000 - 0x00007ffdb8081000 	C:\WINDOWS\System32\kernel.appcore.dll
0x00007ffdb8e20000 - 0x00007ffdb8e37000 	C:\WINDOWS\System32\cryptsp.dll
0x00007ffdb4260000 - 0x00007ffdb427a000 	C:\Program Files\Android\Android Studio\jre\jre\bin\net.dll
0x00007ffdb74b0000 - 0x00007ffdb7517000 	C:\WINDOWS\system32\mswsock.dll
0x00007ffdb4240000 - 0x00007ffdb4251000 	C:\Program Files\Android\Android Studio\jre\jre\bin\nio.dll
0x00007ffdb7450000 - 0x00007ffdb7476000 	C:\Users\HP\.gradle\native\29\windows-amd64\native-platform.dll
0x00007ffdb5f30000 - 0x00007ffdb5f3d000 	C:\Program Files\Android\Android Studio\jre\jre\bin\management.dll
0x00007ffdb6ce0000 - 0x00007ffdb6d13000 	C:\WINDOWS\system32\rsaenh.dll
0x00007ffdb8e40000 - 0x00007ffdb8e66000 	C:\WINDOWS\System32\bcrypt.dll
0x00007ffdb7ee0000 - 0x00007ffdb7f05000 	C:\WINDOWS\SYSTEM32\USERENV.dll
0x00007ffdb7680000 - 0x00007ffdb768c000 	C:\WINDOWS\SYSTEM32\CRYPTBASE.dll
0x00007ffdb7110000 - 0x00007ffdb714a000 	C:\WINDOWS\SYSTEM32\IPHLPAPI.DLL
0x00007ffdbac50000 - 0x00007ffdbac58000 	C:\WINDOWS\System32\NSI.dll
0x00007ffdb1430000 - 0x00007ffdb1446000 	C:\WINDOWS\SYSTEM32\dhcpcsvc6.DLL
0x00007ffdb1b10000 - 0x00007ffdb1b2c000 	C:\WINDOWS\SYSTEM32\dhcpcsvc.DLL
0x00007ffdb7150000 - 0x00007ffdb721a000 	C:\WINDOWS\SYSTEM32\DNSAPI.dll
0x00007ffdb4280000 - 0x00007ffdb429e000 	C:\Users\HP\AppData\Local\Temp\native-platform19855288908267783dir\native-platform.dll
0x00007ffdb77b0000 - 0x00007ffdb79a4000 	C:\WINDOWS\SYSTEM32\dbghelp.dll

VM Arguments:
jvm_args: -Xmx1536m -Dfile.encoding=windows-1252 -Duser.country=US -Duser.language=en -Duser.variant 
java_command: org.gradle.launcher.daemon.bootstrap.GradleDaemon 5.4.1
java_class_path (initial): C:\Users\HP\.gradle\wrapper\dists\gradle-5.4.1-all\3221gyojl5jsh0helicew7rwx\gradle-5.4.1\lib\gradle-launcher-5.4.1.jar
Launcher Type: SUN_STANDARD

Environment Variables:
PATH=C:\Users\HP\AppData\Local\Programs\Python\Python37\;C:\Users\HP\AppData\Local\Programs\Python\Python37\Scripts\;C:\ProgramData\Boxstarter;C:\Program Files (x86)\Common Files\Intel\Shared Files\cpp\bin\Intel64;C:\ProgramData\Oracle\Java\javapath;C:\WINDOWS\system32;C:\WINDOWS;C:\WINDOWS\System32\Wbem;C:\WINDOWS\System32\WindowsPowerShell\v1.0\;C:\Users\HP\.dnx\bin;C:\Program Files\Microsoft DNX\Dnvm\;C:\Program Files\Microsoft SQL Server\120\Tools\Binn\;C:\ProgramData\chocolatey\bin;C:\Program Files\IBM\SPSS\Statistics\25\JRE\bin;C:\WINDOWS\system32;C:\WINDOWS;C:\WINDOWS\System32\Wbem;C:\WINDOWS\System32\WindowsPowerShell\v1.0\;C:\WINDOWS\System32\OpenSSH\;C:\Program Files\Git\cmd;C:\Program Files\nodejs\;C:\Users\HP\AppData\Local\Programs\Python\Python37\Scripts\;C:\Users\HP\AppData\Local\Programs\Python\Python37\;C:\Users\HP\AppData\Local\Programs\Python\Python36\Scripts\;C:\Users\HP\AppData\Local\Programs\Python\Python36\;C:\Users\HP\AppData\Local\Microsoft\WindowsApps;C:\Users\HP\AppData\Local\Microsoft\WindowsApps;C:\Users\HP\AppData\Local\Programs\Microsoft VS Code\bin;C:\Users\HP\AppData\Roaming\npm;
USERNAME=HP
OS=Windows_NT
PROCESSOR_IDENTIFIER=Intel64 Family 6 Model 42 Stepping 7, GenuineIntel



---------------  S Y S T E M  ---------------

OS: Windows 10.0 , 64 bit Build 18362 (10.0.18362.752)

CPU:total 4 (initial active 4) (2 cores per cpu, 2 threads per core) family 6 model 42 stepping 7, cmov, cx8, fxsr, mmx, sse, sse2, sse3, ssse3, sse4.1, sse4.2, popcnt, avx, aes, clmul, ht, tsc, tscinvbit

Memory: 4k page, physical 8321388k(3691664k free), swap 11991404k(6732572k free)

vm_info: OpenJDK 64-Bit Server VM (25.202-b03) for windows-amd64 JRE (1.8.0_202-release-1483-b03), built by "builder" with MS VC++ 10.0 (VS2010)

time: Mon Apr 06 22:18:01 2020
timezone: W. Central Africa Standard Time
elapsed time: 4322 seconds (0d 1h 12m 2s)

